# JRE version: OpenJDK Runtime Environment (8.0_242-b01) (build 1.8.0_242-release-1644-b01)
# Java VM: OpenJDK 64-Bit Server VM (25.242-b01 mixed mode windows-amd64 compressed oops)
Heap:
 PSYoungGen      total 649216K, used 61483K [0x00000000d5580000, 0x00000000fe100000, 0x0000000100000000)
  eden space 637440K, 8% used [0x00000000d5580000,0x00000000d8b46b10,0x00000000fc400000)
  from space 11776K, 54% used [0x00000000fd580000,0x00000000fdbc4490,0x00000000fe100000)
  to   space 14848K, 0% used [0x00000000fc400000,0x00000000fc400000,0x00000000fd280000)
 ParOldGen       total 97280K, used 49896K [0x0000000080000000, 0x0000000085f00000, 0x00000000d5580000)
  object space 97280K, 51% used [0x0000000080000000,0x00000000830ba0a8,0x0000000085f00000)
 Metaspace       used 55715K, capacity 58414K, committed 58624K, reserved 1099776K
  class space    used 7370K, capacity 7926K, committed 7936K, reserved 1048576K
GC Heap History (10 events):
Event: 217.513 GC heap before
{Heap before GC invocations=46 (full 2):
 PSYoungGen      total 524288K, used 516369K [0x00000000d5580000, 0x00000000f8800000, 0x0000000100000000)
  eden space 509440K, 100% used [0x00000000d5580000,0x00000000f4700000,0x00000000f4700000)
  from space 14848K, 46% used [0x00000000f4700000,0x00000000f4dc4490,0x00000000f5580000)
  to   space 14336K, 0% used [0x00000000f7a00000,0x00000000f7a00000,0x00000000f8800000)
 ParOldGen       total 97280K, used 49888K [0x0000000080000000, 0x0000000085f00000, 0x00000000d5580000)
  object space 97280K, 51% used [0x0000000080000000,0x00000000830b80a8,0x0000000085f00000)
 Metaspace       used 54886K, capacity 57402K, committed 57728K, reserved 1099776K
  class space    used 7229K, capacity 7764K, committed 7808K, reserved 1048576K
Event: 217.525 GC heap after
Heap after GC invocations=46 (full 2):
 PSYoungGen      total 561152K, used 10226K [0x00000000d5580000, 0x00000000f8980000, 0x0000000100000000)
  eden space 546816K, 0% used [0x00000000d5580000,0x00000000d5580000,0x00000000f6b80000)
  from space 14336K, 71% used [0x00000000f7a00000,0x00000000f83fcbd0,0x00000000f8800000)
  to   space 14848K, 0% used [0x00000000f6b80000,0x00000000f6b80000,0x00000000f7a00000)
 ParOldGen       total 97280K, used 49896K [0x0000000080000000, 0x0000000085f00000, 0x00000000d5580000)
  object space 97280K, 51% used [0x0000000080000000,0x00000000830ba0a8,0x0000000085f00000)
 Metaspace       used 54886K, capacity 57402K, committed 57728K, reserved 1099776K
  class space    used 7229K, capacity 7764K, committed 7808K, reserved 1048576K
}
Event: 219.398 GC heap before
{Heap before GC invocations=47 (full 2):
 PSYoungGen      total 561152K, used 557042K [0x00000000d5580000, 0x00000000f8980000, 0x0000000100000000)
  eden space 546816K, 100% used [0x00000000d5580000,0x00000000f6b80000,0x00000000f6b80000)
  from space 14336K, 71% used [0x00000000f7a00000,0x00000000f83fcbd0,0x00000000f8800000)
  to   space 14848K, 0% used [0x00000000f6b80000,0x00000000f6b80000,0x00000000f7a00000)
 ParOldGen       total 97280K, used 49896K [0x0000000080000000, 0x0000000085f00000, 0x00000000d5580000)
  object space 97280K, 51% used [0x0000000080000000,0x00000000830ba0a8,0x0000000085f00000)
 Metaspace       used 54886K, capacity 57402K, committed 57728K, reserved 1099776K
  class space    used 7229K, capacity 7764K, committed 7808K, reserved 1048576K
Event: 219.417 GC heap after
Heap after GC invocations=47 (full 2):
 PSYoungGen      total 561664K, used 13500K [0x00000000d5580000, 0x00000000fbb00000, 0x0000000100000000)
  eden space 546816K, 0% used [0x00000000d5580000,0x00000000d5580000,0x00000000f6b80000)
  from space 14848K, 90% used [0x00000000f6b80000,0x00000000f78af078,0x00000000f7a00000)
  to   space 16384K, 0% used [0x00000000fab00000,0x00000000fab00000,0x00000000fbb00000)
 ParOldGen       total 97280K, used 49896K [0x0000000080000000, 0x0000000085f00000, 0x00000000d5580000)
  object space 97280K, 51% used [0x0000000080000000,0x00000000830ba0a8,0x0000000085f00000)
 Metaspace       used 54886K, capacity 57402K, committed 57728K, reserved 1099776K
  class space    used 7229K, capacity 7764K, committed 7808K, reserved 1048576K
}
Event: 222.351 GC heap before
{Heap before GC invocations=48 (full 2):
 PSYoungGen      total 561664K, used 560316K [0x00000000d5580000, 0x00000000fbb00000, 0x0000000100000000)
  eden space 546816K, 100% used [0x00000000d5580000,0x00000000f6b80000,0x00000000f6b80000)
  from space 14848K, 90% used [0x00000000f6b80000,0x00000000f78af078,0x00000000f7a00000)
  to   space 16384K, 0% used [0x00000000fab00000,0x00000000fab00000,0x00000000fbb00000)
 ParOldGen       total 97280K, used 49896K [0x0000000080000000, 0x0000000085f00000, 0x00000000d5580000)
  object space 97280K, 51% used [0x0000000080000000,0x00000000830ba0a8,0x0000000085f00000)
 Metaspace       used 54889K, capacity 57402K, committed 57728K, reserved 1099776K
  class space    used 7229K, capacity 7764K, committed 7808K, reserved 1048576K
Event: 222.361 GC heap after
Heap after GC invocations=48 (full 2):
 PSYoungGen      total 603648K, used 6487K [0x00000000d5580000, 0x00000000fb680000, 0x0000000100000000)
  eden space 591872K, 0% used [0x00000000d5580000,0x00000000d5580000,0x00000000f9780000)
  from space 11776K, 55% used [0x00000000fab00000,0x00000000fb155f80,0x00000000fb680000)
  to   space 15872K, 0% used [0x00000000f9780000,0x00000000f9780000,0x00000000fa700000)
 ParOldGen       total 97280K, used 49896K [0x0000000080000000, 0x0000000085f00000, 0x00000000d5580000)
  object space 97280K, 51% used [0x0000000080000000,0x00000000830ba0a8,0x0000000085f00000)
 Metaspace       used 54889K, capacity 57402K, committed 57728K, reserved 1099776K
  class space    used 7229K, capacity 7764K, committed 7808K, reserved 1048576K
}
Event: 224.399 GC heap before
{Heap before GC invocations=49 (full 2):
 PSYoungGen      total 603648K, used 598359K [0x00000000d5580000, 0x00000000fb680000, 0x0000000100000000)
  eden space 591872K, 100% used [0x00000000d5580000,0x00000000f9780000,0x00000000f9780000)
  from space 11776K, 55% used [0x00000000fab00000,0x00000000fb155f80,0x00000000fb680000)
  to   space 15872K, 0% used [0x00000000f9780000,0x00000000f9780000,0x00000000fa700000)
 ParOldGen       total 97280K, used 49896K [0x0000000080000000, 0x0000000085f00000, 0x00000000d5580000)
  object space 97280K, 51% used [0x0000000080000000,0x00000000830ba0a8,0x0000000085f00000)
 Metaspace       used 54889K, capacity 57402K, committed 57728K, reserved 1099776K
  class space    used 7229K, capacity 7764K, committed 7808K, reserved 1048576K
Event: 224.410 GC heap after
Heap after GC invocations=49 (full 2):
 PSYoungGen      total 607744K, used 6721K [0x00000000d5580000, 0x00000000fe480000, 0x0000000100000000)
  eden space 591872K, 0% used [0x00000000d5580000,0x00000000d5580000,0x00000000f9780000)
  from space 15872K, 42% used [0x00000000f9780000,0x00000000f9e10480,0x00000000fa700000)
  to   space 15360K, 0% used [0x00000000fd580000,0x00000000fd580000,0x00000000fe480000)
 ParOldGen       total 97280K, used 49896K [0x0000000080000000, 0x0000000085f00000, 0x00000000d5580000)
  object space 97280K, 51% used [0x0000000080000000,0x00000000830ba0a8,0x0000000085f00000)
 Metaspace       used 54889K, capacity 57402K, committed 57728K, reserved 1099776K
  class space    used 7229K, capacity 7764K, committed 7808K, reserved 1048576K
}
Event: 226.880 GC heap before
{Heap before GC invocations=50 (full 2):
 PSYoungGen      total 607744K, used 598593K [0x00000000d5580000, 0x00000000fe480000, 0x0000000100000000)
  eden space 591872K, 100% used [0x00000000d5580000,0x00000000f9780000,0x00000000f9780000)
  from space 15872K, 42% used [0x00000000f9780000,0x00000000f9e10480,0x00000000fa700000)
  to   space 15360K, 0% used [0x00000000fd580000,0x00000000fd580000,0x00000000fe480000)
 ParOldGen       total 97280K, used 49896K [0x0000000080000000, 0x0000000085f00000, 0x00000000d5580000)
  object space 97280K, 51% used [0x0000000080000000,0x00000000830ba0a8,0x0000000085f00000)
 Metaspace       used 54895K, capacity 57402K, committed 57728K, reserved 1099776K
  class space    used 7230K, capacity 7764K, committed 7808K, reserved 1048576K
Event: 226.889 GC heap after
Heap after GC invocations=50 (full 2):
 PSYoungGen      total 649216K, used 6417K [0x00000000d5580000, 0x00000000fe100000, 0x0000000100000000)
  eden space 637440K, 0% used [0x00000000d5580000,0x00000000d5580000,0x00000000fc400000)
  from space 11776K, 54% used [0x00000000fd580000,0x00000000fdbc4490,0x00000000fe100000)
  to   space 14848K, 0% used [0x00000000fc400000,0x00000000fc400000,0x00000000fd280000)
 ParOldGen       total 97280K, used 49896K [0x0000000080000000, 0x0000000085f00000, 0x00000000d5580000)
  object space 97280K, 51% used [0x0000000080000000,0x00000000830ba0a8,0x0000000085f00000)
 Metaspace       used 54895K, capacity 57402K, committed 57728K, reserved 1099776K
  class space    used 7230K, capacity 7764K, committed 7808K, reserved 1048576K
}

